<?xml version="1.0" encoding="UTF-8"?>
<!-- Generated by org.testng.reporters.JUnitReportReporter -->
<testsuite skipped="0" hostname="MANOJKUMAR" name="com.capitalshare.testScripts.TC_LoginTest_001" tests="1" failures="0" timestamp="15 Sep 2019 06:34:52 GMT" time="2.077" errors="0">
  <testcase name="loginTest" time="2.077" classname="com.capitalshare.testScripts.TC_LoginTest_001"/>
</testsuite> <!-- com.capitalshare.testScripts.TC_LoginTest_001 -->
